2024-04-28T18:23:00+00:00 DEBUG POST: https://ads.tiktok.com/marketing_api/api/developer/app/create_auto_approve/

{"business_platform":"PROD","smb_id":"tt4b_woocommerce_662e94047ecc1httpwordpresswp-admin","smb_name":"PROD","redirect_url":"http:\/\/wordpress\/wp-admin\/"}
 ajax: no
2024-04-28T18:23:00+00:00 DEBUG Tt4b_Mapi_Class::create_open_source_app: Response: 

HTTP/1.1 200 OK
Content-Type: application/json
Content-Length: 38
X-Tt-Logid: 2024042818225942FD0E7ECB3FD39EBBC2,2024042818225942FD0E7ECB3FD39EBBC2
Strict-Transport-Security: max-age=31536000; includeSubDomains
x-tt-trace-host: 012ffe5eed6787d4820f58098d9999fe95f9b6779ba4c6acee8b282510aa86b4160a116b73577efd5ea7504ff57122e081aa01c658ce9e6f0adbf393f0e7899f321935a4dc96675d9eea7f15702a800efddbe3dfb75a3a97a9a16c1b2bcb3eafb866184cab67eec916688aea8abb1bcbb8
x-tt-trace-id: 00-24042818225942FD0E7ECB3FD39EBBC2-22DA04E96EF4BCD5-00
Server: TLB
X-Origin-Response-Time: 37,23.44.4.119
X-Akamai-Request-ID: bfabb589.eb4e163.57eb72
X-Parent-Response-Time: 72,23.203.63.13
Date: Sun, 28 Apr 2024 18:23:00 GMT
X-Cache: TCP_MISS from a2-22-228-142.deploy.akamaitechnologies.com (AkamaiGHost/11.4.5-55391218) (-)
Connection: close
X-Cache-Remote: TCP_MISS from a23-203-63-13.deploy.akamaitechnologies.com (AkamaiGHost/11.4.5-55391218) (-)
x-tt-trace-tag: id=16;cdn-cache=miss;type=dyn
Server-Timing: cdn-cache; desc=MISS, edge; dur=212, origin; dur=37
Server-Timing: inner; dur=21
X-Parent-Response-Time: 245,2.22.228.142

{"code":40000,"msg":"Parameter error"}

2024-04-28T18:29:03+00:00 DEBUG tt4b_product_delete: missing access token for tt4b_product_sync
2024-04-28T18:29:09+00:00 DEBUG tt4b_product_delete: missing access token for tt4b_product_sync
2024-04-28T18:29:13+00:00 DEBUG tt4b_product_delete: missing access token for tt4b_product_sync
2024-04-28T18:29:14+00:00 DEBUG tt4b_product_delete: missing access token for tt4b_product_sync
2024-04-28T19:05:07+00:00 DEBUG tt4b_product_delete: missing access token for tt4b_product_sync
2024-04-28T21:31:31+00:00 DEBUG Tt4b_Pixel_Class::inject_add_to_cart_event: hit AddToCart
2024-04-28T21:31:31+00:00 DEBUG Tt4b_Pixel_Class::inject_add_to_cart_event: Missing option "access_token"
2024-04-28T21:34:33+00:00 DEBUG Tt4b_Pixel_Class::inject_add_to_cart_event: hit AddToCart
2024-04-28T21:34:33+00:00 DEBUG Tt4b_Pixel_Class::inject_add_to_cart_event: Missing option "access_token"
2024-04-28T21:39:58+00:00 DEBUG Tt4b_Pixel_Class::inject_add_to_cart_event: hit AddToCart
2024-04-28T21:39:58+00:00 DEBUG Tt4b_Pixel_Class::inject_add_to_cart_event: Missing option "access_token"
2024-04-28T21:40:23+00:00 DEBUG Tt4b_Pixel_Class::inject_add_to_cart_event: hit AddToCart
2024-04-28T21:40:23+00:00 DEBUG Tt4b_Pixel_Class::inject_add_to_cart_event: Missing option "access_token"
2024-04-28T21:40:34+00:00 DEBUG Tt4b_Pixel_Class::inject_add_to_cart_event: hit AddToCart
2024-04-28T21:40:34+00:00 DEBUG Tt4b_Pixel_Class::inject_add_to_cart_event: Missing option "access_token"
2024-04-28T21:43:55+00:00 DEBUG Tt4b_Pixel_Class::inject_add_to_cart_event: hit AddToCart
2024-04-28T21:43:55+00:00 DEBUG Tt4b_Pixel_Class::inject_add_to_cart_event: Missing option "access_token"
2024-04-28T21:43:55+00:00 DEBUG Tt4b_Pixel_Class::inject_add_to_cart_event: hit AddToCart
2024-04-28T21:43:55+00:00 DEBUG Tt4b_Pixel_Class::inject_add_to_cart_event: Missing option "access_token"
2024-04-28T21:43:58+00:00 DEBUG Tt4b_Pixel_Class::inject_add_to_cart_event: hit AddToCart
2024-04-28T21:43:58+00:00 DEBUG Tt4b_Pixel_Class::inject_add_to_cart_event: Missing option "access_token"
2024-04-28T21:44:10+00:00 DEBUG Tt4b_Pixel_Class::inject_add_to_cart_event: hit AddToCart
2024-04-28T21:44:10+00:00 DEBUG Tt4b_Pixel_Class::inject_add_to_cart_event: Missing option "access_token"
2024-04-28T21:44:11+00:00 DEBUG Tt4b_Pixel_Class::inject_add_to_cart_event: hit AddToCart
2024-04-28T21:44:11+00:00 DEBUG Tt4b_Pixel_Class::inject_add_to_cart_event: Missing option "access_token"
2024-04-28T21:44:14+00:00 DEBUG Tt4b_Pixel_Class::inject_add_to_cart_event: hit AddToCart
2024-04-28T21:44:14+00:00 DEBUG Tt4b_Pixel_Class::inject_add_to_cart_event: Missing option "access_token"
2024-04-28T21:46:58+00:00 DEBUG Tt4b_Pixel_Class::inject_view_content_event: hit ViewContent
2024-04-28T21:46:58+00:00 DEBUG Tt4b_Pixel_Class::inject_view_content_event: Missing option "access_token"
2024-04-28T21:47:01+00:00 DEBUG Tt4b_Pixel_Class::inject_view_content_event: hit ViewContent
2024-04-28T21:47:01+00:00 DEBUG Tt4b_Pixel_Class::inject_view_content_event: Missing option "access_token"
2024-04-28T21:47:44+00:00 DEBUG Tt4b_Pixel_Class::inject_view_content_event: hit ViewContent
2024-04-28T21:47:44+00:00 DEBUG Tt4b_Pixel_Class::inject_view_content_event: Missing option "access_token"
2024-04-28T21:47:46+00:00 DEBUG Tt4b_Pixel_Class::inject_view_content_event: hit ViewContent
2024-04-28T21:47:46+00:00 DEBUG Tt4b_Pixel_Class::inject_view_content_event: Missing option "access_token"
2024-04-28T21:48:29+00:00 DEBUG Tt4b_Pixel_Class::inject_add_to_cart_event: hit AddToCart
2024-04-28T21:48:29+00:00 DEBUG Tt4b_Pixel_Class::inject_add_to_cart_event: Missing option "access_token"
2024-04-28T21:48:29+00:00 DEBUG Tt4b_Pixel_Class::inject_add_to_cart_event: hit AddToCart
2024-04-28T21:48:29+00:00 DEBUG Tt4b_Pixel_Class::inject_add_to_cart_event: Missing option "access_token"
2024-04-28T21:48:34+00:00 DEBUG Tt4b_Pixel_Class::inject_add_to_cart_event: hit AddToCart
2024-04-28T21:48:34+00:00 DEBUG Tt4b_Pixel_Class::inject_add_to_cart_event: Missing option "access_token"
2024-04-28T21:51:19+00:00 DEBUG Tt4b_Pixel_Class::inject_add_to_cart_event: hit AddToCart
2024-04-28T21:51:19+00:00 DEBUG Tt4b_Pixel_Class::inject_add_to_cart_event: Missing option "access_token"
2024-04-28T21:51:22+00:00 DEBUG Tt4b_Pixel_Class::inject_add_to_cart_event: hit AddToCart
2024-04-28T21:51:22+00:00 DEBUG Tt4b_Pixel_Class::inject_add_to_cart_event: Missing option "access_token"
2024-04-28T22:36:34+00:00 DEBUG Tt4b_Pixel_Class::inject_add_to_cart_event: hit AddToCart
2024-04-28T22:36:34+00:00 DEBUG Tt4b_Pixel_Class::inject_add_to_cart_event: Missing option "access_token"
2024-04-28T22:36:38+00:00 DEBUG Tt4b_Pixel_Class::inject_add_to_cart_event: hit AddToCart
2024-04-28T22:36:38+00:00 DEBUG Tt4b_Pixel_Class::inject_add_to_cart_event: Missing option "access_token"
2024-04-28T22:36:44+00:00 DEBUG Tt4b_Pixel_Class::inject_add_to_cart_event: hit AddToCart
2024-04-28T22:36:44+00:00 DEBUG Tt4b_Pixel_Class::inject_add_to_cart_event: Missing option "access_token"
